<?xml version="1.0" encoding="UTF-8"?>
<!-- Generated by org.testng.reporters.JUnitXMLReporter -->
<testsuite ignored="5" hostname="LAPTOP-Q3H0N5IM" failures="0" tests="3" name="Regression" time="0.098" errors="0" timestamp="2021-10-08T22:06:09 IST">
  <testcase classname="Test.day1" name="Demo" time="0.017"/>
  <testcase classname="Test.day3" name="WebLoginCarLoan" time="0.002"/>
  <testcase classname="Test.day4" name="ApiLoginCarLoan" time="0.002"/>
  <testcase classname="Test.day3" name="ApiLoginCarLoan" time="0.0">
    <ignored/>
  </testcase> <!-- ApiLoginCarLoan -->
  <testcase classname="Test.day4" name="WebLoginHomeLoan" time="0.0">
    <ignored/>
  </testcase> <!-- WebLoginHomeLoan -->
  <testcase classname="Test.day4" name="MobileLoginCarLoan4" time="0.0">
    <ignored/>
  </testcase> <!-- MobileLoginCarLoan4 -->
  <testcase classname="Test.day3" name="MobileLoginCarLoan3" time="0.0">
    <ignored/>
  </testcase> <!-- MobileLoginCarLoan3 -->
  <testcase classname="Test.day1" name="SecondTestCase" time="0.0">
    <ignored/>
  </testcase> <!-- SecondTestCase -->
</testsuite> <!-- Regression -->
