<?xml version="1.0" encoding="UTF-8"?>
<!-- Generated by org.testng.reporters.JUnitXMLReporter -->
<testsuite ignored="0" hostname="LAPTOP-Q3H0N5IM" failures="0" tests="8" name="day3day4" time="0.035" errors="0" timestamp="2021-10-04T23:04:26 IST">
  <testcase classname="Test.day3" name="ApiLoginCarLoan" time="0.001"/>
  <testcase classname="Test.day3" name="ApiLoginCarLoan" time="0.001"/>
  <testcase classname="Test.day3" name="ApiLoginCarLoan" time="0.001"/>
  <testcase classname="Test.day3" name="MobileLoginCarLoan3" time="0.001"/>
  <testcase classname="Test.day3" name="WebLoginCarLoan" time="0.002"/>
  <testcase classname="Test.day4" name="ApiLoginCarLoan" time="0.001"/>
  <testcase classname="Test.day4" name="MobileLoginCarLoan4" time="0.001"/>
  <testcase classname="Test.day4" name="WebLoginHomeLoan" time="0.001"/>
</testsuite> <!-- day3day4 -->
