<?xml version="1.0" encoding="UTF-8"?>
<!-- Generated by org.testng.reporters.JUnitXMLReporter -->
<testsuite ignored="1" hostname="LAPTOP-Q3H0N5IM" failures="0" tests="4" name="Car Loan" time="0.094" errors="0" timestamp="2021-10-05T13:42:04 IST">
  <testcase classname="Test.day3" name="ApiLoginCarLoan" time="0.009"/>
  <testcase classname="Test.day3" name="ApiLoginCarLoan" time="0.004"/>
  <testcase classname="Test.day3" name="ApiLoginCarLoan" time="0.002"/>
  <testcase classname="Test.day3" name="WebLoginCarLoan" time="0.003"/>
  <testcase classname="Test.day3" name="MobileLoginCarLoan3" time="0.0">
    <ignored/>
  </testcase> <!-- MobileLoginCarLoan3 -->
</testsuite> <!-- Car Loan -->
