<?xml version="1.0" encoding="UTF-8"?>
<testng-results ignored="5" total="8" passed="3" failed="0" skipped="0">
  <reporter-output>
  </reporter-output>
  <suite started-at="2021-10-08T22:06:09 IST" name="Testing Groups" finished-at="2021-10-08T22:06:09 IST" duration-ms="98">
    <groups>
      <group name="Smoke">
        <method signature="day1.Demo()[pri:0, instance:Test.day1@b62d79]" name="Demo" class="Test.day1"/>
        <method signature="day3.WebLoginCarLoan()[pri:0, instance:Test.day3@ea6147e]" name="WebLoginCarLoan" class="Test.day3"/>
        <method signature="day4.ApiLoginCarLoan()[pri:0, instance:Test.day4@1e683a3e]" name="ApiLoginCarLoan" class="Test.day4"/>
      </group> <!-- Smoke -->
    </groups>
    <test started-at="2021-10-08T22:06:09 IST" name="Regression" finished-at="2021-10-08T22:06:09 IST" duration-ms="98">
      <class name="Test.day1">
        <test-method signature="Demo()[pri:0, instance:Test.day1@b62d79]" started-at="2021-10-08T22:06:09 IST" name="Demo" finished-at="2021-10-08T22:06:09 IST" duration-ms="17" status="PASS">
          <reporter-output>
          </reporter-output>
        </test-method> <!-- Demo -->
      </class> <!-- Test.day1 -->
      <class name="Test.day3">
        <test-method signature="WebLoginCarLoan()[pri:0, instance:Test.day3@ea6147e]" started-at="2021-10-08T22:06:09 IST" name="WebLoginCarLoan" finished-at="2021-10-08T22:06:09 IST" duration-ms="2" status="PASS">
          <reporter-output>
          </reporter-output>
        </test-method> <!-- WebLoginCarLoan -->
      </class> <!-- Test.day3 -->
      <class name="Test.day4">
        <test-method signature="ApiLoginCarLoan()[pri:0, instance:Test.day4@1e683a3e]" started-at="2021-10-08T22:06:09 IST" name="ApiLoginCarLoan" finished-at="2021-10-08T22:06:09 IST" duration-ms="2" status="PASS">
          <reporter-output>
          </reporter-output>
        </test-method> <!-- ApiLoginCarLoan -->
      </class> <!-- Test.day4 -->
    </test> <!-- Regression -->
  </suite> <!-- Testing Groups -->
</testng-results>
